c:\users\omerk\desktop\bundle\bundle\x64\debug\vc143.pdb
c:\users\omerk\desktop\bundle\bundle\x64\debug\vc143.idb
c:\users\omerk\desktop\bundle\bundle\x64\debug\main.obj
c:\users\omerk\desktop\bundle\bundle\x64\debug\implot_items.obj
c:\users\omerk\desktop\bundle\bundle\x64\debug\implot_demo.obj
c:\users\omerk\desktop\bundle\bundle\x64\debug\implot.obj
c:\users\omerk\desktop\bundle\bundle\x64\debug\imgui_widgets.obj
c:\users\omerk\desktop\bundle\bundle\x64\debug\imgui_tables.obj
c:\users\omerk\desktop\bundle\bundle\x64\debug\imgui_draw.obj
c:\users\omerk\desktop\bundle\bundle\x64\debug\imgui_demo.obj
c:\users\omerk\desktop\bundle\bundle\x64\debug\imgui.obj
c:\users\omerk\desktop\bundle\bundle\x64\debug\imgui_impl_opengl3.obj
c:\users\omerk\desktop\bundle\bundle\x64\debug\imgui_impl_glfw.obj
c:\users\omerk\desktop\bundle\x64\debug\bundle.pdb
c:\users\omerk\desktop\bundle\bundle\x64\debug\bundle.tlog\cl.command.1.tlog
c:\users\omerk\desktop\bundle\bundle\x64\debug\bundle.tlog\cl.read.1.tlog
c:\users\omerk\desktop\bundle\bundle\x64\debug\bundle.tlog\cl.write.1.tlog
c:\users\omerk\desktop\bundle\bundle\x64\debug\bundle.tlog\link-cvtres.read.1.tlog
c:\users\omerk\desktop\bundle\bundle\x64\debug\bundle.tlog\link-cvtres.write.1.tlog
c:\users\omerk\desktop\bundle\bundle\x64\debug\bundle.tlog\link-rc.read.1.tlog
c:\users\omerk\desktop\bundle\bundle\x64\debug\bundle.tlog\link-rc.write.1.tlog
c:\users\omerk\desktop\bundle\bundle\x64\debug\bundle.tlog\link.command.1.tlog
c:\users\omerk\desktop\bundle\bundle\x64\debug\bundle.tlog\link.read.1.tlog
c:\users\omerk\desktop\bundle\bundle\x64\debug\bundle.tlog\link.read.2.tlog
c:\users\omerk\desktop\bundle\bundle\x64\debug\bundle.tlog\link.write.1.tlog
