c:\users\hasan\desktop\yeni klasör (4)\rotracer\rotracer\x64\debug\vc143.pdb
c:\users\hasan\desktop\yeni klasör (4)\rotracer\rotracer\x64\debug\vc143.idb
c:\users\hasan\desktop\yeni klasör (4)\rotracer\rotracer\x64\debug\main.obj
c:\users\hasan\desktop\yeni klasör (4)\rotracer\rotracer\x64\debug\imgui_widgets.obj
c:\users\hasan\desktop\yeni klasör (4)\rotracer\rotracer\x64\debug\imgui_tables.obj
c:\users\hasan\desktop\yeni klasör (4)\rotracer\rotracer\x64\debug\imgui_draw.obj
c:\users\hasan\desktop\yeni klasör (4)\rotracer\rotracer\x64\debug\imgui_demo.obj
c:\users\hasan\desktop\yeni klasör (4)\rotracer\rotracer\x64\debug\imgui.obj
c:\users\hasan\desktop\yeni klasör (4)\rotracer\rotracer\x64\debug\imgui_impl_opengl3.obj
c:\users\hasan\desktop\yeni klasör (4)\rotracer\rotracer\x64\debug\imgui_impl_glfw.obj
c:\users\hasan\desktop\yeni klasör (4)\rotracer\rotracer\x64\debug\implot_items.obj
c:\users\hasan\desktop\yeni klasör (4)\rotracer\rotracer\x64\debug\implot_demo.obj
c:\users\hasan\desktop\yeni klasör (4)\rotracer\rotracer\x64\debug\implot.obj
c:\users\hasan\desktop\yeni klasör (4)\rotracer\x64\debug\rotracer.exe
c:\users\hasan\desktop\yeni klasör (4)\rotracer\rotracer\x64\debug\rotracer.ilk
c:\users\hasan\desktop\yeni klasör (4)\rotracer\x64\debug\rotracer.pdb
c:\users\hasan\desktop\yeni klasör (4)\rotracer\rotracer\x64\debug\rotracer.tlog\cl.command.1.tlog
c:\users\hasan\desktop\yeni klasör (4)\rotracer\rotracer\x64\debug\rotracer.tlog\cl.read.1.tlog
c:\users\hasan\desktop\yeni klasör (4)\rotracer\rotracer\x64\debug\rotracer.tlog\cl.write.1.tlog
c:\users\hasan\desktop\yeni klasör (4)\rotracer\rotracer\x64\debug\rotracer.tlog\link.command.1.tlog
c:\users\hasan\desktop\yeni klasör (4)\rotracer\rotracer\x64\debug\rotracer.tlog\link.read.1.tlog
c:\users\hasan\desktop\yeni klasör (4)\rotracer\rotracer\x64\debug\rotracer.tlog\link.write.1.tlog
