c:\users\omerk\documents\github\isyeriegitimi\23.gün\rotracer-main\rotracer\x64\debug\vc143.pdb
c:\users\omerk\documents\github\isyeriegitimi\23.gün\rotracer-main\rotracer\x64\debug\vc143.idb
c:\users\omerk\documents\github\isyeriegitimi\23.gün\rotracer-main\rotracer\x64\debug\main.obj
c:\users\omerk\documents\github\isyeriegitimi\23.gün\rotracer-main\rotracer\x64\debug\data_for_graphic.obj
c:\users\omerk\documents\github\isyeriegitimi\23.gün\rotracer-main\rotracer\x64\debug\implot_items.obj
c:\users\omerk\documents\github\isyeriegitimi\23.gün\rotracer-main\rotracer\x64\debug\implot_demo.obj
c:\users\omerk\documents\github\isyeriegitimi\23.gün\rotracer-main\rotracer\x64\debug\implot.obj
c:\users\omerk\documents\github\isyeriegitimi\23.gün\rotracer-main\rotracer\x64\debug\imgui_widgets.obj
c:\users\omerk\documents\github\isyeriegitimi\23.gün\rotracer-main\rotracer\x64\debug\imgui_tables.obj
c:\users\omerk\documents\github\isyeriegitimi\23.gün\rotracer-main\rotracer\x64\debug\imgui_draw.obj
c:\users\omerk\documents\github\isyeriegitimi\23.gün\rotracer-main\rotracer\x64\debug\imgui_demo.obj
c:\users\omerk\documents\github\isyeriegitimi\23.gün\rotracer-main\rotracer\x64\debug\imgui.obj
c:\users\omerk\documents\github\isyeriegitimi\23.gün\rotracer-main\rotracer\x64\debug\imgui_impl_opengl3.obj
c:\users\omerk\documents\github\isyeriegitimi\23.gün\rotracer-main\rotracer\x64\debug\imgui_impl_glfw.obj
c:\users\omerk\documents\github\isyeriegitimi\23.gün\rotracer-main\x64\debug\rotracer.exe
c:\users\omerk\documents\github\isyeriegitimi\23.gün\rotracer-main\rotracer\x64\debug\rotracer.ilk
c:\users\omerk\documents\github\isyeriegitimi\23.gün\rotracer-main\x64\debug\rotracer.pdb
c:\users\omerk\documents\github\isyeriegitimi\23.gün\rotracer-main\rotracer\x64\debug\main.obj.enc
c:\users\omerk\documents\github\isyeriegitimi\23.gün\rotracer-main\rotracer\x64\debug\rotracer.tlog\cl.command.1.tlog
c:\users\omerk\documents\github\isyeriegitimi\23.gün\rotracer-main\rotracer\x64\debug\rotracer.tlog\cl.read.1.tlog
c:\users\omerk\documents\github\isyeriegitimi\23.gün\rotracer-main\rotracer\x64\debug\rotracer.tlog\cl.write.1.tlog
c:\users\omerk\documents\github\isyeriegitimi\23.gün\rotracer-main\rotracer\x64\debug\rotracer.tlog\link.command.1.tlog
c:\users\omerk\documents\github\isyeriegitimi\23.gün\rotracer-main\rotracer\x64\debug\rotracer.tlog\link.read.1.tlog
c:\users\omerk\documents\github\isyeriegitimi\23.gün\rotracer-main\rotracer\x64\debug\rotracer.tlog\link.write.1.tlog
