  data_for_graphic.cpp
C:\Users\omerk\Documents\GitHub\isyeriegitimi\23.gün\ROTracer-main\ROTracer\data_for_graphic.cpp(317,48): warning C4267: 'başlatılıyor': 'size_t' - 'int' dönüşümü; veri kaybı olabilir
C:\Users\omerk\Documents\GitHub\isyeriegitimi\23.gün\ROTracer-main\ROTracer\data_for_graphic.cpp(318,52): warning C4267: 'başlatılıyor': 'size_t' - 'int' dönüşümü; veri kaybı olabilir
C:\Users\omerk\Documents\GitHub\isyeriegitimi\23.gün\ROTracer-main\ROTracer\data_for_graphic.cpp(377,83): warning C4244: 'bağımsız değişken': 'int' - 'float' dönüşümü; veri kaybı olabilir
C:\Users\omerk\Documents\GitHub\isyeriegitimi\23.gün\ROTracer-main\ROTracer\data_for_graphic.cpp(378,83): warning C4244: 'bağımsız değişken': 'int' - 'float' dönüşümü; veri kaybı olabilir
C:\Users\omerk\Documents\GitHub\isyeriegitimi\23.gün\ROTracer-main\ROTracer\data_for_graphic.cpp(397,70): warning C4244: 'bağımsız değişken': 'int' - 'float' dönüşümü; veri kaybı olabilir
C:\Users\omerk\Documents\GitHub\isyeriegitimi\23.gün\ROTracer-main\ROTracer\data_for_graphic.cpp(397,61): warning C4244: 'bağımsız değişken': 'int' - 'float' dönüşümü; veri kaybı olabilir
C:\Users\omerk\Documents\GitHub\isyeriegitimi\23.gün\ROTracer-main\ROTracer\data_for_graphic.cpp(398,69): warning C4244: 'bağımsız değişken': 'int' - 'float' dönüşümü; veri kaybı olabilir
C:\Users\omerk\Documents\GitHub\isyeriegitimi\23.gün\ROTracer-main\ROTracer\data_for_graphic.cpp(398,60): warning C4244: 'bağımsız değişken': 'int' - 'float' dönüşümü; veri kaybı olabilir
C:\Users\omerk\Documents\GitHub\isyeriegitimi\23.gün\ROTracer-main\ROTracer\data_for_graphic.cpp(665,10): warning C4459: 'center' bildirimi genel bildirimi gizliyor
C:\Users\omerk\Documents\GitHub\isyeriegitimi\23.gün\ROTracer-main\ROTracer\data_for_graphic.cpp(54,46): message : 'center' bildirimine bakın
C:\Users\omerk\Documents\GitHub\isyeriegitimi\23.gün\ROTracer-main\ROTracer\data_for_graphic.cpp(665,75): warning C4244: 'bağımsız değişken': 'double' - 'float' dönüşümü; veri kaybı olabilir
C:\Users\omerk\Documents\GitHub\isyeriegitimi\23.gün\ROTracer-main\ROTracer\data_for_graphic.cpp(665,48): warning C4244: 'bağımsız değişken': 'double' - 'float' dönüşümü; veri kaybı olabilir
C:\Users\omerk\Documents\GitHub\isyeriegitimi\23.gün\ROTracer-main\ROTracer\data_for_graphic.cpp(666,9): warning C4456: 'radius' bildirimi önceki yerel bildirimi gizliyor
C:\Users\omerk\Documents\GitHub\isyeriegitimi\23.gün\ROTracer-main\ROTracer\data_for_graphic.cpp(656,8): message : 'radius' bildirimine bakın
C:\Users\omerk\Documents\GitHub\isyeriegitimi\23.gün\ROTracer-main\ROTracer\data_for_graphic.cpp(666,16): warning C4244: 'başlatılıyor': 'double' - 'float' dönüşümü; veri kaybı olabilir
C:\Users\omerk\Documents\GitHub\isyeriegitimi\23.gün\ROTracer-main\ROTracer\data_for_graphic.cpp(670,11): warning C4459: 'mousePos' bildirimi genel bildirimi gizliyor
C:\Users\omerk\Documents\GitHub\isyeriegitimi\23.gün\ROTracer-main\ROTracer\data_for_graphic.cpp(54,36): message : 'mousePos' bildirimine bakın
C:\Users\omerk\Documents\GitHub\isyeriegitimi\23.gün\ROTracer-main\ROTracer\data_for_graphic.cpp(674,68): warning C4244: 'bağımsız değişken': 'double' - 'float' dönüşümü; veri kaybı olabilir
C:\Users\omerk\Documents\GitHub\isyeriegitimi\23.gün\ROTracer-main\ROTracer\data_for_graphic.cpp(674,41): warning C4244: 'bağımsız değişken': 'double' - 'float' dönüşümü; veri kaybı olabilir
C:\Users\omerk\Documents\GitHub\isyeriegitimi\23.gün\ROTracer-main\ROTracer\data_for_graphic.cpp(704,69): warning C4244: 'bağımsız değişken': 'double' - 'float' dönüşümü; veri kaybı olabilir
C:\Users\omerk\Documents\GitHub\isyeriegitimi\23.gün\ROTracer-main\ROTracer\data_for_graphic.cpp(704,42): warning C4244: 'bağımsız değişken': 'double' - 'float' dönüşümü; veri kaybı olabilir
C:\Users\omerk\Documents\GitHub\isyeriegitimi\23.gün\ROTracer-main\ROTracer\data_for_graphic.cpp(706,17): warning C4244: '=': 'double' - 'float' dönüşümü; veri kaybı olabilir
C:\Users\omerk\Documents\GitHub\isyeriegitimi\23.gün\ROTracer-main\ROTracer\data_for_graphic.cpp(781,17): warning C4244: 'başlatılıyor': 'double' - 'float' dönüşümü; veri kaybı olabilir
C:\Users\omerk\Documents\GitHub\isyeriegitimi\23.gün\ROTracer-main\ROTracer\data_for_graphic.cpp(782,17): warning C4244: 'başlatılıyor': 'double' - 'float' dönüşümü; veri kaybı olabilir
C:\Users\omerk\Documents\GitHub\isyeriegitimi\23.gün\ROTracer-main\ROTracer\data_for_graphic.cpp(788,14): warning C4244: 'başlatılıyor': 'double' - 'float' dönüşümü; veri kaybı olabilir
C:\Users\omerk\Documents\GitHub\isyeriegitimi\23.gün\ROTracer-main\ROTracer\data_for_graphic.cpp(789,14): warning C4244: 'başlatılıyor': 'double' - 'float' dönüşümü; veri kaybı olabilir
C:\Users\omerk\Documents\GitHub\isyeriegitimi\23.gün\ROTracer-main\ROTracer\data_for_graphic.cpp(791,14): warning C4244: 'başlatılıyor': 'double' - 'float' dönüşümü; veri kaybı olabilir
C:\Users\omerk\Documents\GitHub\isyeriegitimi\23.gün\ROTracer-main\ROTracer\data_for_graphic.cpp(792,14): warning C4244: 'başlatılıyor': 'double' - 'float' dönüşümü; veri kaybı olabilir
C:\Users\omerk\Documents\GitHub\isyeriegitimi\23.gün\ROTracer-main\ROTracer\data_for_graphic.cpp(794,14): warning C4244: 'başlatılıyor': 'double' - 'float' dönüşümü; veri kaybı olabilir
C:\Users\omerk\Documents\GitHub\isyeriegitimi\23.gün\ROTracer-main\ROTracer\data_for_graphic.cpp(795,14): warning C4244: 'başlatılıyor': 'double' - 'float' dönüşümü; veri kaybı olabilir
C:\Users\omerk\Documents\GitHub\isyeriegitimi\23.gün\ROTracer-main\ROTracer\data_for_graphic.cpp(831,18): warning C4456: 'p1' bildirimi önceki yerel bildirimi gizliyor
C:\Users\omerk\Documents\GitHub\isyeriegitimi\23.gün\ROTracer-main\ROTracer\data_for_graphic.cpp(798,11): message : 'p1' bildirimine bakın
C:\Users\omerk\Documents\GitHub\isyeriegitimi\23.gün\ROTracer-main\ROTracer\data_for_graphic.cpp(832,18): warning C4456: 'p2' bildirimi önceki yerel bildirimi gizliyor
C:\Users\omerk\Documents\GitHub\isyeriegitimi\23.gün\ROTracer-main\ROTracer\data_for_graphic.cpp(799,11): message : 'p2' bildirimine bakın
C:\Users\omerk\Documents\GitHub\isyeriegitimi\23.gün\ROTracer-main\ROTracer\data_for_graphic.cpp(656,8): warning C4189: 'radius': yerel değişken başlatıldı ancak başvurulmadı
C:\Users\omerk\Documents\GitHub\isyeriegitimi\23.gün\ROTracer-main\ROTracer\data_for_graphic.cpp(830,17): warning C4189: 'arrowSize': yerel değişken başlatıldı ancak başvurulmadı
  ROTracer.vcxproj -> C:\Users\omerk\Documents\GitHub\isyeriegitimi\23.gün\ROTracer-main\x64\Debug\ROTracer.exe
